<?xml version="1.0" encoding="UTF-8"?>
<!-- Generated by org.testng.reporters.JUnitReportReporter -->
<testsuite hostname="SeenaReddy" failures="0" tests="3" name="testScenarios.CrossBrowserTesting_LostYourPassword" time="77.244" errors="0" timestamp="2024-09-21T19:40:00 MDT" skipped="0">
  <testcase classname="testScenarios.CrossBrowserTesting_LostYourPassword" name="f" time="25.859"/>
  <testcase classname="testScenarios.CrossBrowserTesting_LostYourPassword" name="f" time="25.319"/>
  <testcase classname="testScenarios.CrossBrowserTesting_LostYourPassword" name="f" time="26.066"/>
</testsuite> <!-- testScenarios.CrossBrowserTesting_LostYourPassword -->
