<?xml version="1.0" encoding="UTF-8"?>
<!-- Generated by org.testng.reporters.JUnitReportReporter -->
<testsuite hostname="SeenaReddy" failures="0" tests="1" name="testScenarios.TS_01_Register" time="30.821" errors="0" timestamp="2024-09-11T19:18:49 MDT" skipped="0">
  <testcase classname="testScenarios.TS_01_Register" name="f" time="30.821"/>
</testsuite> <!-- testScenarios.TS_01_Register -->
