<?xml version="1.0" encoding="UTF-8"?>
<!-- Generated by org.testng.reporters.JUnitReportReporter -->
<testsuite hostname="SeenaReddy" failures="0" tests="1" name="testScenarios.TS_01_Rigister" time="0.011" errors="0" timestamp="2024-09-21T19:23:20 MDT" skipped="0">
  <testcase classname="testScenarios.TS_01_Rigister" name="f" time="0.011"/>
</testsuite> <!-- testScenarios.TS_01_Rigister -->
