<?xml version="1.0" encoding="UTF-8"?>
<!-- Generated by org.testng.reporters.JUnitReportReporter -->
<testsuite hostname="SeenaReddy" failures="0" tests="1" name="testScenarios.TS_04_shop_any_product_as_a_Guest" time="0.001" errors="0" timestamp="2024-09-21T19:23:20 MDT" skipped="0">
  <testcase classname="testScenarios.TS_04_shop_any_product_as_a_Guest" name="f" time="0.001"/>
</testsuite> <!-- testScenarios.TS_04_shop_any_product_as_a_Guest -->
