<?xml version="1.0" encoding="UTF-8"?>
<!-- Generated by org.testng.reporters.JUnitReportReporter -->
<testsuite hostname="Krupas-MBP.lan" failures="0" tests="1" name="testScenarios.TS_03_LostYourPassword" time="21.833" errors="0" timestamp="2024-09-13T21:11:00 EDT" skipped="0">
  <testcase classname="testScenarios.TS_03_LostYourPassword" name="f" time="21.833"/>
</testsuite> <!-- testScenarios.TS_03_LostYourPassword -->
